#
# A fatal error has been detected by the Java Runtime Environment:
#
#  EXCEPTION_ACCESS_VIOLATION (0xc0000005) at pc=0x000000006da2f405, pid=21496, tid=0x0000000000006aa4
#
# JRE version: Java(TM) SE Runtime Environment (8.0_231-b11) (build 1.8.0_231-b11)
# Java VM: Java HotSpot(TM) 64-Bit Server VM (25.231-b11 mixed mode windows-amd64 compressed oops)
# Problematic frame:
# V  [jvm.dll+0xff405]
#
# Failed to write core dump. Minidumps are not enabled by default on client versions of Windows
#
# If you would like to submit a bug report, please visit:
#   http://bugreport.java.com/bugreport/crash.jsp
#

---------------  T H R E A D  ---------------

Current thread (0x000000001bbe8000):  VMThread [stack: 0x000000001cc80000,0x000000001cd80000] [id=27300]

siginfo: ExceptionCode=0xc0000005, reading address 0x0000000000000008

Registers:
RAX=0x0000000000000000, RBX=0x000000001b9074e0, RCX=0x0000000000000000, RDX=0x0000000000000000
RSP=0x000000001cd7eb70, RBP=0x0000000000000004, RSI=0x000000006e146e60, RDI=0x000000001cd7ee50
R8 =0x0000000000000000, R9 =0x000000001b9074e0, R10=0x000000000000ca09, R11=0x000000001b907c54
R12=0x0000000000000000, R13=0x0000000000000001, R14=0x00000000000003d8, R15=0x000000001cd7ec70
RIP=0x000000006da2f405, EFLAGS=0x0000000000010202

Top of Stack: (sp=0x000000001cd7eb70)
0x000000001cd7eb70:   00000000022cf840 00000000026208da
0x000000001cd7eb80:   0000000002620790 0000000000000000
0x000000001cd7eb90:   000000001baf55b0 000000006da2f886
0x000000001cd7eba0:   000000001cd7ee50 000000001bbe8000
0x000000001cd7ebb0:   0000dee5b0595841 000000006da2fa02
0x000000001cd7ebc0:   000000001cd7ec80 000000001baf55b0
0x000000001cd7ebd0:   000000001cd7ec90 000000001cd7ee50
0x000000001cd7ebe0:   000000001cd7ecc0 000000006da32655
0x000000001cd7ebf0:   0000000000000004 0000000000000004
0x000000001cd7ec00:   0000000000000024 000000006da2f886
0x000000001cd7ec10:   0000000000000004 000000001cd7ecc0
0x000000001cd7ec20:   000000001cd7ec80 0000000000000024
0x000000001cd7ec30:   000000001b907c98 000000006da3318f
0x000000001cd7ec40:   000000001cd7ee50 000000001cd7ecc0
0x000000001cd7ec50:   000000001baf55b0 000000001b907c98
0x000000001cd7ec60:   0000000000000001 0000000000000000 

Instructions: (pc=0x000000006da2f405)
0x000000006da2f3e5:   8b d2 e8 54 7f ff ff 48 8b cb 8b d0 e8 5a 78 ff
0x000000006da2f3f5:   ff 48 8d 35 63 7a 71 00 48 63 c8 48 8b 44 cb 50
0x000000006da2f405:   0f b6 48 08 8b 05 35 7a 71 00 80 f9 4c 74 2b 80
0x000000006da2f415:   f9 5b 74 26 80 f9 4a 74 18 80 f9 44 74 13 48 8d 


Register to memory mapping:

RAX=0x0000000000000000 is an unknown value
RBX=0x000000001b9074e0 is pointing into metadata
RCX=0x0000000000000000 is an unknown value
RDX=0x0000000000000000 is an unknown value
RSP=0x000000001cd7eb70 is an unknown value
RBP=0x0000000000000004 is an unknown value
RSI=0x000000006e146e60 is an unknown value
RDI=0x000000001cd7ee50 is an unknown value
R8 =0x0000000000000000 is an unknown value
R9 =0x000000001b9074e0 is pointing into metadata
R10=0x000000000000ca09 is an unknown value
R11=0x000000001b907c54 is pointing into metadata
R12=0x0000000000000000 is an unknown value
R13=0x0000000000000001 is an unknown value
R14=0x00000000000003d8 is an unknown value
R15=0x000000001cd7ec70 is an unknown value


Stack: [0x000000001cc80000,0x000000001cd80000],  sp=0x000000001cd7eb70,  free space=1018k
Native frames: (J=compiled Java code, j=interpreted, Vv=VM code, C=native code)
V  [jvm.dll+0xff405]
V  [jvm.dll+0x102655]
V  [jvm.dll+0x10318f]
V  [jvm.dll+0x1039d5]
V  [jvm.dll+0x103c22]
V  [jvm.dll+0xc50be]
V  [jvm.dll+0xc5748]
V  [jvm.dll+0xc587a]
V  [jvm.dll+0xc5a78]
V  [jvm.dll+0x10fb2a]
V  [jvm.dll+0x12d3ef]
V  [jvm.dll+0x1bf54f]
V  [jvm.dll+0x24d677]
V  [jvm.dll+0x24c916]
V  [jvm.dll+0x24cdb1]
V  [jvm.dll+0x24cfce]
V  [jvm.dll+0x29fd8a]
C  [msvcr100.dll+0x21d9f]
C  [msvcr100.dll+0x21e3b]
C  [KERNEL32.DLL+0x17bd4]
C  [ntdll.dll+0x6ced1]

VM_Operation (0x000000001d6bf1f0): GetOrSetLocal, mode: safepoint, requested by thread 0x000000001bc3d800


---------------  P R O C E S S  ---------------

Java Threads: ( => current thread )
  0x000000001f5ff800 JavaThread "Exec Stream Pumper" daemon [_thread_in_native, id=11668, stack(0x0000000023880000,0x0000000023980000)]
  0x000000001eed1800 JavaThread "Exec Stream Pumper" daemon [_thread_in_native, id=29592, stack(0x0000000023780000,0x0000000023880000)]
  0x000000001f621000 JavaThread "Exec Default Executor" daemon [_thread_in_native, id=29500, stack(0x000000001fc90000,0x000000001fd90000)]
  0x000000001e284000 JavaThread "ReaderThread" [_thread_in_native, id=9584, stack(0x000000001e9c0000,0x000000001eac0000)]
  0x000000001db2f000 JavaThread "Service Thread" daemon [_thread_blocked, id=18560, stack(0x000000001dfc0000,0x000000001e0c0000)]
  0x000000001db24800 JavaThread "C1 CompilerThread2" daemon [_thread_blocked, id=5116, stack(0x000000001dec0000,0x000000001dfc0000)]
  0x000000001db34800 JavaThread "C2 CompilerThread1" daemon [_thread_blocked, id=23876, stack(0x000000001ddc0000,0x000000001dec0000)]
  0x000000001db33800 JavaThread "C2 CompilerThread0" daemon [_thread_blocked, id=26452, stack(0x000000001dcc0000,0x000000001ddc0000)]
  0x000000001bc44000 JavaThread "JDWP Command Reader" daemon [_thread_in_native, id=29560, stack(0x000000001d7c0000,0x000000001d8c0000)]
  0x000000001bc3f800 JavaThread "JDWP Event Helper Thread" daemon [_thread_blocked, id=9024, stack(0x000000001d6c0000,0x000000001d7c0000)]
  0x000000001bc3d800 JavaThread "JDWP Transport Listener: dt_socket" daemon [_thread_blocked, id=11836, stack(0x000000001d5c0000,0x000000001d6c0000)]
  0x000000001bc2a800 JavaThread "Attach Listener" daemon [_thread_blocked, id=27736, stack(0x000000001d180000,0x000000001d280000)]
  0x000000001bc29000 JavaThread "Signal Dispatcher" daemon [_thread_blocked, id=22080, stack(0x000000001d080000,0x000000001d180000)]
  0x000000000261d800 JavaThread "Finalizer" daemon [_thread_blocked, id=14240, stack(0x000000001ce80000,0x000000001cf80000)]
  0x000000001bc09800 JavaThread "Reference Handler" daemon [_thread_blocked, id=13024, stack(0x000000001cd80000,0x000000001ce80000)]
  0x0000000002524000 JavaThread "main" [_thread_blocked, id=20888, stack(0x00000000021d0000,0x00000000022d0000)]

Other Threads:
=>0x000000001bbe8000 VMThread [stack: 0x000000001cc80000,0x000000001cd80000] [id=27300]
  0x000000001dc40800 WatcherThread [stack: 0x000000001e0c0000,0x000000001e1c0000] [id=20700]

VM state:at safepoint (normal execution)

VM Mutex/Monitor currently owned by a thread:  ([mutex/lock_event])
[0x0000000002520fd0] Threads_lock - owner thread: 0x000000001bbe8000

heap address: 0x00000006c1600000, size: 4074 MB, Compressed Oops mode: Zero based, Oop shift amount: 3
Narrow klass base: 0x0000000000000000, Narrow klass shift: 3
Compressed class space size: 1073741824 Address: 0x00000007c0000000

Heap:
 PSYoungGen      total 76288K, used 31226K [0x000000076b200000, 0x0000000770700000, 0x00000007c0000000)
  eden space 65536K, 35% used [0x000000076b200000,0x000000076c89f0d8,0x000000076f200000)
  from space 10752K, 74% used [0x000000076fc80000,0x000000077045f9c8,0x0000000770700000)
  to   space 10752K, 0% used [0x000000076f200000,0x000000076f200000,0x000000076fc80000)
 ParOldGen       total 175104K, used 24K [0x00000006c1600000, 0x00000006cc100000, 0x000000076b200000)
  object space 175104K, 0% used [0x00000006c1600000,0x00000006c1606000,0x00000006cc100000)
 Metaspace       used 17272K, capacity 17530K, committed 17792K, reserved 1064960K
  class space    used 2280K, capacity 2379K, committed 2432K, reserved 1048576K

Card table byte_map: [0x00000000119e0000,0x00000000121e0000] byte_map_base: 0x000000000e3d5000

Marking Bits: (ParMarkBitMap*) 0x000000006e156d90
 Begin Bits: [0x0000000012b30000, 0x0000000016ad8000)
 End Bits:   [0x0000000016ad8000, 0x000000001aa80000)

Polling page: 0x00000000001f0000

CodeCache: size=245760Kb used=6911Kb max_used=6914Kb free=238848Kb
 bounds [0x0000000002620000, 0x0000000002d00000, 0x0000000011620000]
 total_blobs=1984 nmethods=1606 adapters=298
 compilation: enabled

Compilation events (10 events):
Event: 12.285 Thread 0x000000001db24800 1614       3       com.google.common.collect.AbstractMapEntry::<init> (5 bytes)
Event: 12.285 Thread 0x000000001db24800 nmethod 1614 0x0000000002c73f90 code [0x0000000002c740e0, 0x0000000002c74290]
Event: 12.285 Thread 0x000000001db34800 1615       4       java.lang.Class::cast (27 bytes)
Event: 12.286 Thread 0x000000001db34800 nmethod 1615 0x0000000002c67250 code [0x0000000002c67380, 0x0000000002c67478]
Event: 399.766 Thread 0x000000001db33800 1617       4       org.eclipse.jdt.launching.internal.org.objectweb.asm.MethodWriter::computeMethodInfoSize (571 bytes)
Event: 399.789 Thread 0x000000001db33800 nmethod 1617 0x0000000002cb3ad0 code [0x0000000002cb3d40, 0x0000000002cb4bf8]
Event: 12437.446 Thread 0x000000001db34800 1618       4       org.eclipse.jdt.launching.internal.org.objectweb.asm.MethodWriter::putMethodInfo (1274 bytes)
Event: 12437.678 Thread 0x000000001db34800 nmethod 1618 0x0000000002ce6310 code [0x0000000002ce67e0, 0x0000000002cec1f0]
Event: 89258.360 Thread 0x000000001db24800 1619       3       org.eclipse.jdt.launching.internal.org.objectweb.asm.ClassWriter::toByteArray (1281 bytes)
Event: 89258.378 Thread 0x000000001db24800 nmethod 1619 0x0000000002cab810 code [0x0000000002cabfc0, 0x0000000002cb0988]

GC Heap History (4 events):
Event: 3.100 GC heap before
{Heap before GC invocations=1 (full 0):
 PSYoungGen      total 76288K, used 65536K [0x000000076b200000, 0x0000000770700000, 0x00000007c0000000)
  eden space 65536K, 100% used [0x000000076b200000,0x000000076f200000,0x000000076f200000)
  from space 10752K, 0% used [0x000000076fc80000,0x000000076fc80000,0x0000000770700000)
  to   space 10752K, 0% used [0x000000076f200000,0x000000076f200000,0x000000076fc80000)
 ParOldGen       total 175104K, used 0K [0x00000006c1600000, 0x00000006cc100000, 0x000000076b200000)
  object space 175104K, 0% used [0x00000006c1600000,0x00000006c1600000,0x00000006cc100000)
 Metaspace       used 9288K, capacity 9336K, committed 9472K, reserved 1056768K
  class space    used 1224K, capacity 1234K, committed 1280K, reserved 1048576K
Event: 3.116 GC heap after
Heap after GC invocations=1 (full 0):
 PSYoungGen      total 76288K, used 4679K [0x000000076b200000, 0x0000000770700000, 0x00000007c0000000)
  eden space 65536K, 0% used [0x000000076b200000,0x000000076b200000,0x000000076f200000)
  from space 10752K, 43% used [0x000000076f200000,0x000000076f691fd8,0x000000076fc80000)
  to   space 10752K, 0% used [0x000000076fc80000,0x000000076fc80000,0x0000000770700000)
 ParOldGen       total 175104K, used 16K [0x00000006c1600000, 0x00000006cc100000, 0x000000076b200000)
  object space 175104K, 0% used [0x00000006c1600000,0x00000006c1604000,0x00000006cc100000)
 Metaspace       used 9288K, capacity 9336K, committed 9472K, reserved 1056768K
  class space    used 1224K, capacity 1234K, committed 1280K, reserved 1048576K
}
Event: 6.550 GC heap before
{Heap before GC invocations=2 (full 0):
 PSYoungGen      total 76288K, used 70215K [0x000000076b200000, 0x0000000770700000, 0x00000007c0000000)
  eden space 65536K, 100% used [0x000000076b200000,0x000000076f200000,0x000000076f200000)
  from space 10752K, 43% used [0x000000076f200000,0x000000076f691fd8,0x000000076fc80000)
  to   space 10752K, 0% used [0x000000076fc80000,0x000000076fc80000,0x0000000770700000)
 ParOldGen       total 175104K, used 16K [0x00000006c1600000, 0x00000006cc100000, 0x000000076b200000)
  object space 175104K, 0% used [0x00000006c1600000,0x00000006c1604000,0x00000006cc100000)
 Metaspace       used 15572K, capacity 15770K, committed 16000K, reserved 1062912K
  class space    used 2063K, capacity 2155K, committed 2176K, reserved 1048576K
Event: 6.584 GC heap after
Heap after GC invocations=2 (full 0):
 PSYoungGen      total 76288K, used 8062K [0x000000076b200000, 0x0000000770700000, 0x00000007c0000000)
  eden space 65536K, 0% used [0x000000076b200000,0x000000076b200000,0x000000076f200000)
  from space 10752K, 74% used [0x000000076fc80000,0x000000077045f9c8,0x0000000770700000)
  to   space 10752K, 0% used [0x000000076f200000,0x000000076f200000,0x000000076fc80000)
 ParOldGen       total 175104K, used 24K [0x00000006c1600000, 0x00000006cc100000, 0x000000076b200000)
  object space 175104K, 0% used [0x00000006c1600000,0x00000006c1606000,0x00000006cc100000)
 Metaspace       used 15572K, capacity 15770K, committed 16000K, reserved 1062912K
  class space    used 2063K, capacity 2155K, committed 2176K, reserved 1048576K
}

Deoptimization events (10 events):
Event: 5.596 Thread 0x0000000002524000 Uncommon trap: reason=unstable_if action=reinterpret pc=0x00000000027be2b4 method=org.eclipse.jdt.launching.internal.org.objectweb.asm.ByteVector.putUTF8(Ljava/lang/String;)Lorg/eclipse/jdt/launching/internal/org/objectweb/asm/ByteVector; @ 100
Event: 5.729 Thread 0x0000000002524000 Uncommon trap: reason=unstable_if action=reinterpret pc=0x00000000027dba00 method=java.lang.String.replace(CC)Ljava/lang/String; @ 2
Event: 5.733 Thread 0x0000000002524000 Uncommon trap: reason=bimorphic action=maybe_recompile pc=0x00000000029a4368 method=java.net.URL.<init>(Ljava/net/URL;Ljava/lang/String;Ljava/net/URLStreamHandler;)V @ 504
Event: 6.636 Thread 0x0000000002524000 Uncommon trap: reason=range_check action=none pc=0x0000000002a0b864 method=sun.reflect.generics.parser.SignatureParser.current()C @ 34
Event: 6.636 Thread 0x0000000002524000 Uncommon trap: reason=range_check action=none pc=0x0000000002a0b864 method=sun.reflect.generics.parser.SignatureParser.current()C @ 34
Event: 6.767 Thread 0x0000000002524000 Uncommon trap: reason=range_check action=none pc=0x0000000002a0b864 method=sun.reflect.generics.parser.SignatureParser.current()C @ 34
Event: 6.767 Thread 0x0000000002524000 Uncommon trap: reason=range_check action=none pc=0x0000000002a0b864 method=sun.reflect.generics.parser.SignatureParser.current()C @ 34
Event: 6.917 Thread 0x0000000002524000 Uncommon trap: reason=unstable_if action=reinterpret pc=0x0000000002c3df18 method=java.util.concurrent.ConcurrentHashMap.putVal(Ljava/lang/Object;Ljava/lang/Object;Z)Ljava/lang/Object; @ 181
Event: 89215.433 Thread 0x000000001bc3d800 Uncommon trap: reason=unstable_if action=reinterpret pc=0x0000000002ccd2bc method=org.eclipse.jdt.launching.internal.org.objectweb.asm.ClassReader.accept(Lorg/eclipse/jdt/launching/internal/org/objectweb/asm/ClassVisitor;[Lorg/eclipse/jdt/launching/intern
Event: 89215.445 Thread 0x000000001bc3d800 Uncommon trap: reason=unstable_if action=reinterpret pc=0x0000000002c80f10 method=org.eclipse.jdt.launching.internal.org.objectweb.asm.ClassWriter.toByteArray()[B @ 497

Classes redefined (10 events):
Event: 5102.432 Thread 0x000000001bbe8000 redefined class name=stepDefinitons.StepDefinition, count=22
Event: 5177.106 Thread 0x000000001bbe8000 redefined class name=stepDefinitons.StepDefinition, count=23
Event: 5233.639 Thread 0x000000001bbe8000 redefined class name=stepDefinitons.StepDefinition, count=24
Event: 5347.936 Thread 0x000000001bbe8000 redefined class name=testOption.textRunner, count=2
Event: 5464.052 Thread 0x000000001bbe8000 redefined class name=testOption.textRunner, count=3
Event: 6148.484 Thread 0x000000001bbe8000 redefined class name=testOption.textRunner, count=4
Event: 11644.309 Thread 0x000000001bbe8000 redefined class name=testOption.textRunner, count=5
Event: 13983.295 Thread 0x000000001bbe8000 redefined class name=testOption.textRunner, count=6
Event: 88626.283 Thread 0x000000001bbe8000 redefined class name=testOption.textRunner, count=7
Event: 89351.705 Thread 0x000000001bbe8000 redefined class name=testOption.textRunner, count=8

Internal exceptions (10 events):
Event: 3.546 Thread 0x0000000002524000 Exception <a 'java/lang/ArrayIndexOutOfBoundsException': 70> (0x000000076bea6750) thrown at [C:\re\workspace\8-2-build-windows-amd64-cygwin\jdk8u231\13620\hotspot\src\share\vm\interpreter\interpreterRuntime.cpp, line 368]
Event: 4.102 Thread 0x0000000002524000 Exception <a 'java/lang/NoClassDefFoundError': org/apache/log4j/Priority> (0x000000076cab65d8) thrown at [C:\re\workspace\8-2-build-windows-amd64-cygwin\jdk8u231\13620\hotspot\src\share\vm\classfile\systemDictionary.cpp, line 199]
Event: 4.948 Thread 0x0000000002524000 Exception <a 'java/lang/NoSuchFieldError': method resolution failed> (0x000000076d011530) thrown at [C:\re\workspace\8-2-build-windows-amd64-cygwin\jdk8u231\13620\hotspot\src\share\vm\prims\methodHandles.cpp, line 1167]
Event: 4.958 Thread 0x0000000002524000 Exception <a 'java/lang/NoSuchFieldError': method resolution failed> (0x000000076d01fc30) thrown at [C:\re\workspace\8-2-build-windows-amd64-cygwin\jdk8u231\13620\hotspot\src\share\vm\prims\methodHandles.cpp, line 1167]
Event: 6.271 Thread 0x000000001ed4e000 Exception <a 'java/net/SocketTimeoutException': connect timed out> (0x000000076eb310c0) thrown at [C:\re\workspace\8-2-build-windows-amd64-cygwin\jdk8u231\13620\hotspot\src\share\vm\prims\jni.cpp, line 736]
Event: 6.636 Thread 0x0000000002524000 Exception <a 'java/lang/ArrayIndexOutOfBoundsException': 68> (0x000000076b352498) thrown at [C:\re\workspace\8-2-build-windows-amd64-cygwin\jdk8u231\13620\hotspot\src\share\vm\interpreter\interpreterRuntime.cpp, line 368]
Event: 6.636 Thread 0x0000000002524000 Exception <a 'java/lang/ArrayIndexOutOfBoundsException': 119> (0x000000076b3541d8) thrown at [C:\re\workspace\8-2-build-windows-amd64-cygwin\jdk8u231\13620\hotspot\src\share\vm\interpreter\interpreterRuntime.cpp, line 368]
Event: 6.767 Thread 0x0000000002524000 Exception <a 'java/lang/ArrayIndexOutOfBoundsException': 90> (0x000000076b9890a0) thrown at [C:\re\workspace\8-2-build-windows-amd64-cygwin\jdk8u231\13620\hotspot\src\share\vm\interpreter\interpreterRuntime.cpp, line 368]
Event: 6.768 Thread 0x0000000002524000 Exception <a 'java/lang/ArrayIndexOutOfBoundsException': 105> (0x000000076b98abf8) thrown at [C:\re\workspace\8-2-build-windows-amd64-cygwin\jdk8u231\13620\hotspot\src\share\vm\interpreter\interpreterRuntime.cpp, line 368]
Event: 12.286 Thread 0x0000000002524000 Exception <a 'java/net/SocketTimeoutException': Read timed out> (0x000000076c2f5a10) thrown at [C:\re\workspace\8-2-build-windows-amd64-cygwin\jdk8u231\13620\hotspot\src\share\vm\prims\jni.cpp, line 736]

Events (10 events):
Event: 90399.634 Executing VM operation: GetOrSetLocal done
Event: 90399.983 Executing VM operation: GetOrSetLocal
Event: 90399.983 Executing VM operation: GetOrSetLocal done
Event: 90399.984 Executing VM operation: GetOrSetLocal
Event: 90399.984 Executing VM operation: GetOrSetLocal done
Event: 90400.014 Executing VM operation: GetOrSetLocal
Event: 90400.015 Executing VM operation: GetOrSetLocal done
Event: 90400.016 Executing VM operation: GetOrSetLocal
Event: 90400.016 Executing VM operation: GetOrSetLocal done
Event: 90400.051 Executing VM operation: GetOrSetLocal


Dynamic libraries:
0x00007ff6299c0000 - 0x00007ff6299f7000 	C:\Program Files\Java\jdk1.8.0_231\bin\javaw.exe
0x00007ff9f4b20000 - 0x00007ff9f4d10000 	C:\WINDOWS\SYSTEM32\ntdll.dll
0x00007ff9f4490000 - 0x00007ff9f4542000 	C:\WINDOWS\System32\KERNEL32.DLL
0x00007ff9f2530000 - 0x00007ff9f27d3000 	C:\WINDOWS\System32\KERNELBASE.dll
0x00007ff9f4570000 - 0x00007ff9f4613000 	C:\WINDOWS\System32\ADVAPI32.dll
0x00007ff9f41e0000 - 0x00007ff9f427e000 	C:\WINDOWS\System32\msvcrt.dll
0x00007ff9f48e0000 - 0x00007ff9f4977000 	C:\WINDOWS\System32\sechost.dll
0x00007ff9f3b30000 - 0x00007ff9f3c50000 	C:\WINDOWS\System32\RPCRT4.dll
0x00007ff9f42f0000 - 0x00007ff9f4484000 	C:\WINDOWS\System32\USER32.dll
0x00007ff9f2500000 - 0x00007ff9f2521000 	C:\WINDOWS\System32\win32u.dll
0x00007ff9f4980000 - 0x00007ff9f49a6000 	C:\WINDOWS\System32\GDI32.dll
0x00007ff9f1be0000 - 0x00007ff9f1d74000 	C:\WINDOWS\System32\gdi32full.dll
0x00007ff9f29d0000 - 0x00007ff9f2a6e000 	C:\WINDOWS\System32\msvcp_win.dll
0x00007ff9f1ae0000 - 0x00007ff9f1bda000 	C:\WINDOWS\System32\ucrtbase.dll
0x00007ff9e0a30000 - 0x00007ff9e0cb5000 	C:\WINDOWS\WinSxS\amd64_microsoft.windows.common-controls_6595b64144ccf1df_6.0.18362.592_none_e6c0b1911312be02\COMCTL32.dll
0x00007ff9f37e0000 - 0x00007ff9f3b16000 	C:\WINDOWS\System32\combase.dll
0x00007ff9f2930000 - 0x00007ff9f29b0000 	C:\WINDOWS\System32\bcryptPrimitives.dll
0x00007ff9f37a0000 - 0x00007ff9f37ce000 	C:\WINDOWS\System32\IMM32.DLL
0x000000006e1e0000 - 0x000000006e2b2000 	C:\Program Files\Java\jdk1.8.0_231\jre\bin\msvcr100.dll
0x000000006d930000 - 0x000000006e1d6000 	C:\Program Files\Java\jdk1.8.0_231\jre\bin\server\jvm.dll
0x00007ff9f32c0000 - 0x00007ff9f32c8000 	C:\WINDOWS\System32\PSAPI.DLL
0x00007ff9e41c0000 - 0x00007ff9e41ca000 	C:\WINDOWS\SYSTEM32\VERSION.dll
0x00007ff9efab0000 - 0x00007ff9efad4000 	C:\WINDOWS\SYSTEM32\WINMM.dll
0x00007ff9edbe0000 - 0x00007ff9edbe9000 	C:\WINDOWS\SYSTEM32\WSOCK32.dll
0x00007ff9f4280000 - 0x00007ff9f42ef000 	C:\WINDOWS\System32\WS2_32.dll
0x00007ff9efa80000 - 0x00007ff9efaad000 	C:\WINDOWS\SYSTEM32\winmmbase.dll
0x00007ff9f2b80000 - 0x00007ff9f2bca000 	C:\WINDOWS\System32\cfgmgr32.dll
0x00007ff9eb5a0000 - 0x00007ff9eb5af000 	C:\Program Files\Java\jdk1.8.0_231\jre\bin\verify.dll
0x00007ff9dbc80000 - 0x00007ff9dbca9000 	C:\Program Files\Java\jdk1.8.0_231\jre\bin\java.dll
0x00007ff9de0c0000 - 0x00007ff9de0f5000 	C:\Program Files\Java\jdk1.8.0_231\jre\bin\jdwp.dll
0x00007ff9e1d00000 - 0x00007ff9e1d08000 	C:\Program Files\Java\jdk1.8.0_231\jre\bin\npt.dll
0x00007ff9d4960000 - 0x00007ff9d4983000 	C:\Program Files\Java\jdk1.8.0_231\jre\bin\instrument.dll
0x00007ff9dbc60000 - 0x00007ff9dbc76000 	C:\Program Files\Java\jdk1.8.0_231\jre\bin\zip.dll
0x00007ff9f2bd0000 - 0x00007ff9f32b5000 	C:\WINDOWS\System32\SHELL32.dll
0x00007ff9f4620000 - 0x00007ff9f46c9000 	C:\WINDOWS\System32\shcore.dll
0x00007ff9f1d80000 - 0x00007ff9f24ff000 	C:\WINDOWS\System32\windows.storage.dll
0x00007ff9f1a00000 - 0x00007ff9f1a1f000 	C:\WINDOWS\System32\profapi.dll
0x00007ff9f1a40000 - 0x00007ff9f1a8a000 	C:\WINDOWS\System32\powrprof.dll
0x00007ff9f19f0000 - 0x00007ff9f1a00000 	C:\WINDOWS\System32\UMPDC.dll
0x00007ff9f49b0000 - 0x00007ff9f4a02000 	C:\WINDOWS\System32\shlwapi.dll
0x00007ff9f1a90000 - 0x00007ff9f1aa1000 	C:\WINDOWS\System32\kernel.appcore.dll
0x00007ff9f29b0000 - 0x00007ff9f29c7000 	C:\WINDOWS\System32\cryptsp.dll
0x00007ff9de1c0000 - 0x00007ff9de1c9000 	C:\Program Files\Java\jdk1.8.0_231\jre\bin\dt_socket.dll
0x00007ff9e32e0000 - 0x00007ff9e32f6000 	C:\WINDOWS\system32\napinsp.dll
0x00007ff9e32c0000 - 0x00007ff9e32da000 	C:\WINDOWS\system32\pnrpnsp.dll
0x00007ff9f1200000 - 0x00007ff9f1267000 	C:\WINDOWS\System32\mswsock.dll
0x00007ff9f0f50000 - 0x00007ff9f101a000 	C:\WINDOWS\SYSTEM32\DNSAPI.dll
0x00007ff9f37d0000 - 0x00007ff9f37d8000 	C:\WINDOWS\System32\NSI.dll
0x00007ff9f0f10000 - 0x00007ff9f0f4a000 	C:\WINDOWS\SYSTEM32\IPHLPAPI.DLL
0x00007ff9e32b0000 - 0x00007ff9e32be000 	C:\WINDOWS\System32\winrnr.dll
0x00007ff9ee1c0000 - 0x00007ff9ee1dc000 	C:\WINDOWS\system32\NLAapi.dll
0x00007ff9ebaa0000 - 0x00007ff9ebab5000 	C:\WINDOWS\system32\wshbth.dll
0x00007ff9e7550000 - 0x00007ff9e75c7000 	C:\WINDOWS\System32\fwpuclnt.dll
0x00007ff9f1ab0000 - 0x00007ff9f1ad6000 	C:\WINDOWS\System32\bcrypt.dll
0x00007ff9e3a50000 - 0x00007ff9e3a5a000 	C:\Windows\System32\rasadhlp.dll
0x00007ff9dbbd0000 - 0x00007ff9dbbea000 	C:\Program Files\Java\jdk1.8.0_231\jre\bin\net.dll
0x00007ff9dbb80000 - 0x00007ff9dbba4000 	C:\Program Files\Java\jdk1.8.0_231\jre\bin\sunec.dll
0x00007ff9e7a00000 - 0x00007ff9e7a16000 	C:\WINDOWS\SYSTEM32\dhcpcsvc6.DLL
0x00007ff9e7a40000 - 0x00007ff9e7a5c000 	C:\WINDOWS\SYSTEM32\dhcpcsvc.DLL
0x00007ff9dbbb0000 - 0x00007ff9dbbc2000 	C:\Program Files\Java\jdk1.8.0_231\jre\bin\nio.dll
0x00007ff9f0d70000 - 0x00007ff9f0da3000 	C:\WINDOWS\system32\rsaenh.dll
0x00007ff9f1910000 - 0x00007ff9f1935000 	C:\WINDOWS\SYSTEM32\USERENV.dll
0x00007ff9f13d0000 - 0x00007ff9f13dc000 	C:\WINDOWS\SYSTEM32\CRYPTBASE.dll
0x00007ff9dda70000 - 0x00007ff9ddc64000 	C:\WINDOWS\SYSTEM32\dbghelp.dll

VM Arguments:
jvm_args: -agentlib:jdwp=transport=dt_socket,suspend=y,address=localhost:64869 -ea -javaagent:C:\Users\auhum\eclipse\java-2019-092\eclipse\configuration\org.eclipse.osgi\229\0\.cp\lib\javaagent-shaded.jar -Dfile.encoding=UTF-8 
java_command: org.eclipse.jdt.internal.junit.runner.RemoteTestRunner -version 3 -port 64868 -testLoaderClass org.eclipse.jdt.internal.junit4.runner.JUnit4TestLoader -loaderpluginname org.eclipse.jdt.junit4.runtime -classNames testOption.textRunner
java_class_path (initial): C:\Users\auhum\eclipse-workspace\PageObjectModel\target\test-classes;C:\Users\auhum\eclipse-workspace\PageObjectModel\target\classes;C:\Users\auhum\.m2\repository\junit\junit\4.11\junit-4.11.jar;C:\Users\auhum\.m2\repository\org\hamcrest\hamcrest-core\1.3\hamcrest-core-1.3.jar;C:\Users\auhum\.m2\repository\junit\junit\3.8.1\junit-3.8.1.jar;C:\Users\auhum\.m2\repository\org\seleniumhq\selenium\selenium-java\2.53.0\selenium-java-2.53.0.jar;C:\Users\auhum\.m2\repository\org\seleniumhq\selenium\selenium-chrome-driver\2.53.0\selenium-chrome-driver-2.53.0.jar;C:\Users\auhum\.m2\repository\org\seleniumhq\selenium\selenium-remote-driver\2.53.0\selenium-remote-driver-2.53.0.jar;C:\Users\auhum\.m2\repository\cglib\cglib-nodep\2.1_3\cglib-nodep-2.1_3.jar;C:\Users\auhum\.m2\repository\com\google\code\gson\gson\2.3.1\gson-2.3.1.jar;C:\Users\auhum\.m2\repository\org\seleniumhq\selenium\selenium-api\2.53.0\selenium-api-2.53.0.jar;C:\Users\auhum\.m2\repository\org\apache\httpcomponents\httpclient\4.5.1\httpclient-4.5.1.jar;C:\Users\auhum\.m2\repository\org\apache\httpcomponents\httpcore\4.4.3\httpcore-4.4.3.jar;C:\Users\auhum\.m2\repository\commons-logging\commons-logging\1.2\commons-logging-1.2.jar;C:\Users\auhum\.m2\repository\commons-codec\commons-codec\1.9\commons-codec-1.9.jar;C:\Users\auhum\.m2\repository\com\google\guava\guava\19.0\guava-19.0.jar;C:\Users\auhum\.m2\repository\org\seleniumhq\selenium\selenium-edge-driver\2.53.0\selenium-edge-driver-2.53.0.jar;C:\Users\auhum\.m2\repository\commons-io\commons-io\2.4\commons-io-2.4.jar;C:\Users\auhum\.m2\repository\org\apache\commons\commons-exec\1.3\commons-exec-1.3.jar;C:\Users\auhum\.m2\repository\org\seleniumhq\selenium\selenium-firefox-driver\2.53.0\selenium-firefox-driver-2.53.0.jar;C:\Users\auhum\.m2\repository\org\seleniumhq\selenium\selenium-ie-driver\2.53.0\selenium-ie-driver-2.53.0.jar;C:\Users\auhum\.m2\repository\net\java\dev\jna\jna\4.1.0\jna-4.1.0.jar;C:\Users\auhum\.m2\repository\net\
Launcher Type: SUN_STANDARD

Environment Variables:
JAVA_HOME=C:\Program Files\Java\jdk1.8.0_231
PATH=C:\Program Files\Java\jdk1.8.0_231\jre\bin;C:/Program Files/Java/jdk-13/bin/server;C:/Program Files/Java/jdk-13/bin;C:\Program Files (x86)\Common Files\Oracle\Java\javapath;C:\WINDOWS\system32;C:\WINDOWS;C:\WINDOWS\System32\Wbem;C:\WINDOWS\System32\WindowsPowerShell\v1.0\;C:\WINDOWS\System32\OpenSSH\;C:\jar\apache-maven-3.6.2\bin;C:\Program Files\Git\cmd;C:\Program Files\Git\bin;C:\Users\auhum\AppData\Local\Android\Sdk\tools;C:\Users\auhum\AppData\Local\Android\Sdk\platform-tools;C:\Program Files\nodejs\;C:\Program Files\Java\jdk1.8.0_231\bin;C:\Program Files\MySQL\MySQL Shell 8.0\bin\;C:\Users\auhum\AppData\Local\Microsoft\WindowsApps;C:\Users\auhum\AppData\Roaming\npm;C:\Users\auhum\AppData\Local\Programs\Microsoft VS Code\bin;C:\Users\auhum\Desktop;
USERNAME=auhum
OS=Windows_NT
PROCESSOR_IDENTIFIER=Intel64 Family 6 Model 69 Stepping 1, GenuineIntel



---------------  S Y S T E M  ---------------

OS: Windows 10.0 , 64 bit Build 18362 (10.0.18362.329)

CPU:total 4 (initial active 4) (2 cores per cpu, 2 threads per core) family 6 model 69 stepping 1, cmov, cx8, fxsr, mmx, sse, sse2, sse3, ssse3, sse4.1, sse4.2, popcnt, avx, avx2, aes, clmul, erms, lzcnt, ht, tsc, tscinvbit, bmi1, bmi2

Memory: 4k page, physical 16679368k(8156408k free), swap 29786568k(13359340k free)

vm_info: Java HotSpot(TM) 64-Bit Server VM (25.231-b11) for windows-amd64 JRE (1.8.0_231-b11), built on Oct  5 2019 03:11:30 by "java_re" with MS VC++ 10.0 (VS2010)

time: Sun Feb 09 22:37:10 2020
timezone: Pacific Standard Time
elapsed time: 90400 seconds (1d 1h 6m 40s)

